[0m[[0m[0mdebug[0m] [0m[0m> Exec(run, Some(09d8fbbe-8d09-4a55-8adf-f7b3f50058fe), Some(CommandSource(console0)))[0m
[0m[[0m[0mdebug[0m] [0m[0mEvaluating tasks: Compile / run[0m
[0m[[0m[0mdebug[0m] [0m[0mRunning task... Cancel: Signal, check cycles: false, forcegc: true[0m
[0m[[0m[0minfo[0m] [0m[0mcompiling 1 Scala source to /Users/katherine/Desktop/Personal/AOC2023/target/scala-3.2.1/classes ...[0m
[0m[[0m[33mwarn[0m] [0m[0m[33m[33m-- [E029] Pattern Match Exhaustivity Warning: /Users/katherine/Desktop/Personal/AOC2023/src/main/scala/Day21.scala:93:2 [0m[0m[0m
[0m[[0m[33mwarn[0m] [0m[0m[33m93 |[0m  allMonkeys [33mmatch[0m {[0m
[0m[[0m[33mwarn[0m] [0m[0m[33m[33m   |[0m  ^^^^^^^^^^[0m[0m
[0m[[0m[33mwarn[0m] [0m[0m[33m   |[0m  [33mmatch[0m may not be exhaustive.[0m
[0m[[0m[33mwarn[0m] [0m[0m[33m   |[0m[0m
[0m[[0m[33mwarn[0m] [0m[0m[33m   |[0m  It would fail on pattern case: Nil[0m
[0m[[0m[33mwarn[0m] [0m[0m[33m   |[0m[0m
[0m[[0m[33mwarn[0m] [0m[0m[33m   |[0m longer explanation available when compiling with `-explain`[0m
[0m[[0m[33mwarn[0m] [0m[0m[33m[33m-- [E029] Pattern Match Exhaustivity Warning: /Users/katherine/Desktop/Personal/AOC2023/src/main/scala/Day21.scala:109:4 [0m[0m[0m
[0m[[0m[33mwarn[0m] [0m[0m[33m109 |[0m    monkey [33mmatch[0m[0m
[0m[[0m[33mwarn[0m] [0m[0m[33m[33m    |[0m    ^^^^^^[0m[0m
[0m[[0m[33mwarn[0m] [0m[0m[33m    |[0m    [33mmatch[0m may not be exhaustive.[0m
[0m[[0m[33mwarn[0m] [0m[0m[33m    |[0m[0m
[0m[[0m[33mwarn[0m] [0m[0m[33m    |[0m    It would fail on pattern case: aoc21.SpecialMonkey(_, _, _, _)[0m
[0m[[0m[33mwarn[0m] [0m[0m[33m    |[0m[0m
[0m[[0m[33mwarn[0m] [0m[0m[33m    |[0m longer explanation available when compiling with `-explain`[0m
[0m[[0m[33mwarn[0m] [0m[0mtwo warnings found[0m
[0m[[0m[33mwarn[0m] [0m[0mCanceling execution...[0m
[0m[[0m[0mdebug[0m] [0m[0mForcing garbage collection...[0m
[0m[[0m[31merror[0m] [0m[0mCancelled: run[0m
[0m[[0m[31merror[0m] [0m[0mCancelled: run[0m
[0m[[0m[31merror[0m] [0m[0mUse 'last' for the full log.[0m
[0m[[0m[0mdebug[0m] [0m[0m> Exec(shell, None, None)[0m
[0m[[0m[0mdebug[0m] [0m[0mForcing garbage collection...[0m
