[0m[[0m[0mdebug[0m] [0m[0m> Exec(run, Some(9ab3831c-402b-41d9-9ded-d897e41717b3), Some(CommandSource(console0)))[0m
[0m[[0m[0mdebug[0m] [0m[0mEvaluating tasks: Compile / run[0m
[0m[[0m[0mdebug[0m] [0m[0mRunning task... Cancel: Signal, check cycles: false, forcegc: true[0m
[0m[[0m[0minfo[0m] [0m[0mcompiling 1 Scala source to /Users/katherine/Desktop/Personal/AOC2023/target/scala-3.2.1/classes ...[0m
[0m[[0m[33mwarn[0m] [0m[0m[33m[33m-- [E029] Pattern Match Exhaustivity Warning: /Users/katherine/Desktop/Personal/AOC2023/src/main/scala/Day21.scala:40:25 [0m[0m[0m
[0m[[0m[33mwarn[0m] [0m[0m[33m40 |[0m    [33mcase[0m head :: next => head [33mmatch[0m {[0m
[0m[[0m[33mwarn[0m] [0m[0m[33m[33m   |[0m                         ^^^^[0m[0m
[0m[[0m[33mwarn[0m] [0m[0m[33m   |[0m[33mmatch[0m may not be exhaustive.[0m
[0m[[0m[33mwarn[0m] [0m[0m[33m   |[0m[0m
[0m[[0m[33mwarn[0m] [0m[0m[33m   |[0mIt would fail on pattern case: AOC2022.NumberMonkey(_, _), AOC2022.MathMonkey(_, _, _, _)[0m
[0m[[0m[33mwarn[0m] [0m[0m[33m   |[0m[0m
[0m[[0m[33mwarn[0m] [0m[0m[33m   |[0m longer explanation available when compiling with `-explain`[0m
[0m[[0m[33mwarn[0m] [0m[0m[33m[33m-- [E029] Pattern Match Exhaustivity Warning: /Users/katherine/Desktop/Personal/AOC2023/src/main/scala/Day21.scala:39:2 [0m[0m[0m
[0m[[0m[33mwarn[0m] [0m[0m[33m39 |[0m  allMonkeys [33mmatch[0m {[0m
[0m[[0m[33mwarn[0m] [0m[0m[33m[33m   |[0m  ^^^^^^^^^^[0m[0m
[0m[[0m[33mwarn[0m] [0m[0m[33m   |[0m  [33mmatch[0m may not be exhaustive.[0m
[0m[[0m[33mwarn[0m] [0m[0m[33m   |[0m[0m
[0m[[0m[33mwarn[0m] [0m[0m[33m   |[0m  It would fail on pattern case: Nil[0m
[0m[[0m[33mwarn[0m] [0m[0m[33m   |[0m[0m
[0m[[0m[33mwarn[0m] [0m[0m[33m   |[0m longer explanation available when compiling with `-explain`[0m
[0m[[0m[33mwarn[0m] [0m[0mtwo warnings found[0m
[0m[[0m[0minfo[0m] [0m[0mshutting down sbt server[0m
