[0m[[0m[0mdebug[0m] [0m[0m> Exec(run, Some(fddb6fb5-45d8-453e-a88c-10c8afdaa172), Some(CommandSource(console0)))[0m
[0m[[0m[0mdebug[0m] [0m[0mEvaluating tasks: Compile / run[0m
[0m[[0m[0mdebug[0m] [0m[0mRunning task... Cancel: Signal, check cycles: false, forcegc: true[0m
[0m[[0m[0minfo[0m] [0m[0mcompiling 1 Scala source to /Users/katherine/Desktop/Personal/AOC2023/target/scala-3.2.1/classes ...[0m
[0m[[0m[33mwarn[0m] [0m[0m[33m[33m-- Warning: /Users/katherine/Desktop/Personal/AOC2023/src/main/scala/Day24.scala:120:14 [0m[0m[0m
[0m[[0m[33mwarn[0m] [0m[0m[33m120 |[0m              [33mreturn[0m time[0m
[0m[[0m[33mwarn[0m] [0m[0m[33m[33m    |[0m              ^^^^^^^^^^^[0m[0m
[0m[[0m[33mwarn[0m] [0m[0m[33m    |[0mNon local returns are no longer supported; use scala.util.control.NonLocalReturns instead[0m
[0m[[0m[33mwarn[0m] [0m[0mone warning found[0m
[0m[[0m[31merror[0m] [0m[0mjava.lang.ArrayIndexOutOfBoundsException: Index 8 out of bounds for length 8[0m
[0m[[0m[31merror[0m] [0m[0m	at AOC2022.Day24$.updateBlizzards$$anonfun$1$$anonfun$1$$anonfun$1(Day24.scala:67)[0m
[0m[[0m[31merror[0m] [0m[0m	at AOC2022.Day24$.updateBlizzards$$anonfun$1$$anonfun$1$$anonfun$adapted$1(Day24.scala:67)[0m
[0m[[0m[31merror[0m] [0m[0m	at scala.collection.IterableOnceOps.foreach(IterableOnce.scala:575)[0m
[0m[[0m[31merror[0m] [0m[0m	at scala.collection.IterableOnceOps.foreach$(IterableOnce.scala:573)[0m
[0m[[0m[31merror[0m] [0m[0m	at scala.collection.AbstractIterable.foreach(Iterable.scala:933)[0m
[0m[[0m[31merror[0m] [0m[0m	at AOC2022.Day24$.updateBlizzards$$anonfun$1$$anonfun$1(Day24.scala:67)[0m
[0m[[0m[31merror[0m] [0m[0m	at scala.runtime.java8.JFunction1$mcVI$sp.apply(JFunction1$mcVI$sp.scala:18)[0m
[0m[[0m[31merror[0m] [0m[0m	at scala.collection.immutable.Range.foreach(Range.scala:190)[0m
[0m[[0m[31merror[0m] [0m[0m	at AOC2022.Day24$.updateBlizzards$$anonfun$1(Day24.scala:69)[0m
[0m[[0m[31merror[0m] [0m[0m	at scala.runtime.java8.JFunction1$mcVI$sp.apply(JFunction1$mcVI$sp.scala:18)[0m
[0m[[0m[31merror[0m] [0m[0m	at scala.collection.immutable.Range.foreach(Range.scala:190)[0m
[0m[[0m[31merror[0m] [0m[0m	at AOC2022.Day24$.updateBlizzards(Day24.scala:70)[0m
[0m[[0m[31merror[0m] [0m[0m	at AOC2022.Day24$.sheARunnerShesATrackstar(Day24.scala:125)[0m
[0m[[0m[31merror[0m] [0m[0m	at AOC2022.Day24$.Day24Part1(Day24.scala:149)[0m
[0m[[0m[31merror[0m] [0m[0m	at AOC2022.Day24$.main(Day24.scala:158)[0m
[0m[[0m[31merror[0m] [0m[0m	at AOC2022.Day24.main(Day24.scala)[0m
[0m[[0m[31merror[0m] [0m[0m	at java.base/jdk.internal.reflect.DirectMethodHandleAccessor.invoke(DirectMethodHandleAccessor.java:104)[0m
[0m[[0m[31merror[0m] [0m[0m	at java.base/java.lang.reflect.Method.invoke(Method.java:578)[0m
[0m[[0m[31merror[0m] [0m[0m	at sbt.Run.invokeMain(Run.scala:143)[0m
[0m[[0m[31merror[0m] [0m[0m	at sbt.Run.execute$1(Run.scala:93)[0m
[0m[[0m[31merror[0m] [0m[0m	at sbt.Run.$anonfun$runWithLoader$5(Run.scala:120)[0m
[0m[[0m[31merror[0m] [0m[0m	at sbt.Run$.executeSuccess(Run.scala:186)[0m
[0m[[0m[31merror[0m] [0m[0m	at sbt.Run.runWithLoader(Run.scala:120)[0m
[0m[[0m[31merror[0m] [0m[0m	at sbt.Defaults$.$anonfun$bgRunTask$6(Defaults.scala:1983)[0m
[0m[[0m[31merror[0m] [0m[0m	at sbt.Defaults$.$anonfun$termWrapper$2(Defaults.scala:1922)[0m
[0m[[0m[31merror[0m] [0m[0m	at scala.runtime.java8.JFunction0$mcV$sp.apply(JFunction0$mcV$sp.java:23)[0m
[0m[[0m[31merror[0m] [0m[0m	at scala.util.Try$.apply(Try.scala:213)[0m
[0m[[0m[31merror[0m] [0m[0m	at sbt.internal.BackgroundThreadPool$BackgroundRunnable.run(DefaultBackgroundJobService.scala:369)[0m
[0m[[0m[31merror[0m] [0m[0m	at java.base/java.util.concurrent.ThreadPoolExecutor.runWorker(ThreadPoolExecutor.java:1144)[0m
[0m[[0m[31merror[0m] [0m[0m	at java.base/java.util.concurrent.ThreadPoolExecutor$Worker.run(ThreadPoolExecutor.java:642)[0m
[0m[[0m[31merror[0m] [0m[0m	at java.base/java.lang.Thread.run(Thread.java:1589)[0m
[0m[[0m[31merror[0m] [0m[0m(Compile / [31mrun[0m) java.lang.ArrayIndexOutOfBoundsException: Index 8 out of bounds for length 8[0m
[0m[[0m[31merror[0m] [0m[0mTotal time: 1 s, completed 25 Dec 2022, 11:21:10[0m
[0m[[0m[0mdebug[0m] [0m[0m> Exec(shell, None, None)[0m
